<?xml version="1.0" encoding="UTF-8"?>
<!-- Generated by org.testng.reporters.JUnitXMLReporter -->
<testsuite hostname="jyo.local" ignored="0" name="Test Two" tests="4" failures="0" timestamp="10 Mar 2018 12:39:29 GMT" time="21.053" errors="0">
  <testcase name="testmethodone" time="0.008" classname="Base_class.TestBaseSetup"/>
  <testcase name="flightbooking" time="4.163" classname="scripts.TestFlightfinder"/>
  <testcase name="testmethodone" time="0.008" classname="Base_class.TestBaseSetup"/>
  <testcase name="create_account" time="6.244" classname="scripts.TestCreateAccount"/>
</testsuite> <!-- Test Two -->
