<?xml version="1.0" encoding="UTF-8"?>
<!-- Generated by org.testng.reporters.JUnitXMLReporter -->
<testsuite hostname="jyo.local" ignored="0" name="Test One" tests="4" failures="0" timestamp="10 Mar 2018 12:39:08 GMT" time="30.881" errors="0">
  <testcase name="testmethodone" time="0.015" classname="Base_class.TestBaseSetup"/>
  <testcase name="login" time="2.256" classname="scripts.logintest"/>
  <testcase name="logout" time="4.819" classname="scripts.logintest"/>
  <testcase name="testmethodone" time="0.009" classname="Base_class.TestBaseSetup"/>
</testsuite> <!-- Test One -->
