<?xml version="1.0" encoding="UTF-8"?>
<!-- Generated by org.testng.reporters.JUnitXMLReporter -->
<testsuite hostname="jyo.local" ignored="0" name="Test" tests="5" failures="0" timestamp="10 Mar 2018 16:59:48 GMT" time="37.495" errors="0">
  <testcase name="testmethodone" time="0.016" classname="Base_class.TestBaseSetup"/>
  <testcase name="login" time="3.127" classname="package1.loginLogout_diffrentcredentail"/>
  <testcase name="login" time="3.623" classname="package1.loginLogout_diffrentcredentail"/>
  <testcase name="login" time="2.963" classname="package1.loginLogout_diffrentcredentail"/>
  <testcase name="login" time="3.25" classname="package1.loginLogout_diffrentcredentail"/>
</testsuite> <!-- Test -->
