<?xml version="1.0" encoding="UTF-8"?>
<!-- Generated by org.testng.reporters.JUnitXMLReporter -->
<testsuite hostname="jyo.local" ignored="0" name="Test" tests="14" failures="0" timestamp="10 Mar 2018 13:57:35 GMT" time="89.12" errors="0">
  <testcase name="testmethodone" time="0.024" classname="Base_class.TestBaseSetup"/>
  <testcase name="testmethodone" time="0.021" classname="Base_class.TestBaseSetup"/>
  <testcase name="login" time="2.75" classname="scripts.logintest"/>
  <testcase name="logout" time="3.833" classname="scripts.logintest"/>
  <testcase name="testmethodone" time="0.009" classname="Base_class.TestBaseSetup"/>
  <testcase name="login" time="3.048" classname="package1.logintest"/>
  <testcase name="logout" time="4.623" classname="package1.logintest"/>
  <testcase name="testmethodone" time="0.011" classname="Base_class.TestBaseSetup"/>
  <testcase name="create_account" time="6.784" classname="scripts.TestCreateAccount"/>
  <testcase name="testmethodone" time="0.022" classname="Base_class.TestBaseSetup"/>
  <testcase name="login" time="2.407" classname="package2.logintest"/>
  <testcase name="logout" time="3.437" classname="package2.logintest"/>
  <testcase name="testmethodone" time="0.008" classname="Base_class.TestBaseSetup"/>
  <testcase name="flightbooking" time="3.902" classname="scripts.TestFlightfinder"/>
</testsuite> <!-- Test -->
